2024-12-04T10:42:50.613+05:45  INFO 3727 --- [tl-rest-api] [main] c.i.tl_rest_api.TlRestApiApplication     : Starting TlRestApiApplication using Java 22.0.2 with PID 3727 (/Users/smartsolution/Documents/Personal/learn/learn_java/Tree Leaf/tl-rest-api/target/classes started by smartsolution in /Users/smartsolution/Documents/Personal/learn/learn_java/Tree Leaf/tl-rest-api)
2024-12-04T10:42:50.631+05:45  INFO 3727 --- [tl-rest-api] [main] c.i.tl_rest_api.TlRestApiApplication     : No active profile set, falling back to 1 default profile: "default"
2024-12-04T10:42:52.245+05:45  INFO 3727 --- [tl-rest-api] [main] .s.d.r.c.RepositoryConfigurationDelegate : Bootstrapping Spring Data JPA repositories in DEFAULT mode.
2024-12-04T10:42:52.293+05:45  INFO 3727 --- [tl-rest-api] [main] .s.d.r.c.RepositoryConfigurationDelegate : Finished Spring Data repository scanning in 36 ms. Found 0 JPA repository interfaces.
2024-12-04T10:42:53.512+05:45  INFO 3727 --- [tl-rest-api] [main] o.s.b.w.embedded.tomcat.TomcatWebServer  : Tomcat initialized with port 8080 (http)
2024-12-04T10:42:53.559+05:45  INFO 3727 --- [tl-rest-api] [main] o.apache.catalina.core.StandardService   : Starting service [Tomcat]
2024-12-04T10:42:53.560+05:45  INFO 3727 --- [tl-rest-api] [main] o.apache.catalina.core.StandardEngine    : Starting Servlet engine: [Apache Tomcat/10.1.24]
2024-12-04T10:42:53.703+05:45  INFO 3727 --- [tl-rest-api] [main] o.a.c.c.C.[Tomcat].[localhost].[/]       : Initializing Spring embedded WebApplicationContext
2024-12-04T10:42:53.704+05:45  INFO 3727 --- [tl-rest-api] [main] w.s.c.ServletWebServerApplicationContext : Root WebApplicationContext: initialization completed in 2913 ms
2024-12-04T10:42:55.024+05:45  INFO 3727 --- [tl-rest-api] [main] o.s.o.j.p.SpringPersistenceUnitInfo      : No LoadTimeWeaver setup: ignoring JPA class transformer
2024-12-04T10:42:55.067+05:45  INFO 3727 --- [tl-rest-api] [main] com.zaxxer.hikari.HikariDataSource       : HikariPool-1 - Starting...
2024-12-04T10:42:55.529+05:45  INFO 3727 --- [tl-rest-api] [main] com.zaxxer.hikari.pool.HikariPool        : HikariPool-1 - Added connection org.postgresql.jdbc.PgConnection@47eaf55c
2024-12-04T10:42:55.533+05:45  INFO 3727 --- [tl-rest-api] [main] com.zaxxer.hikari.HikariDataSource       : HikariPool-1 - Start completed.
2024-12-04T10:42:56.409+05:45  INFO 3727 --- [tl-rest-api] [main] j.LocalContainerEntityManagerFactoryBean : Initialized JPA EntityManagerFactory for persistence unit 'default'
2024-12-04T10:42:56.705+05:45  WARN 3727 --- [tl-rest-api] [main] JpaBaseConfiguration$JpaWebConfiguration : spring.jpa.open-in-view is enabled by default. Therefore, database queries may be performed during view rendering. Explicitly configure spring.jpa.open-in-view to disable this warning
2024-12-04T10:42:56.832+05:45 TRACE 3727 --- [tl-rest-api] [main] s.w.s.m.m.a.RequestMappingHandlerMapping : 
	o.s.b.a.w.s.e.BasicErrorController:
	{ [/error]}: error(HttpServletRequest)
	{ [/error], produces [text/html]}: errorHtml(HttpServletRequest,HttpServletResponse)
2024-12-04T10:42:56.855+05:45 TRACE 3727 --- [tl-rest-api] [main] s.w.s.m.m.a.RequestMappingHandlerMapping : 
	o.s.w.a.OpenApiWebMvcResource:
	{GET [/v3/api-docs], produces [application/json]}: openapiJson(HttpServletRequest,String,Locale)
	{GET [/v3/api-docs.yaml], produces [application/vnd.oai.openapi]}: openapiYaml(HttpServletRequest,String,Locale)
2024-12-04T10:42:56.859+05:45 TRACE 3727 --- [tl-rest-api] [main] s.w.s.m.m.a.RequestMappingHandlerMapping : 
	o.s.w.u.SwaggerWelcomeWebMvc:
	{GET [/swagger-ui.html]}: redirectToUi(HttpServletRequest)
2024-12-04T10:42:56.861+05:45 TRACE 3727 --- [tl-rest-api] [main] s.w.s.m.m.a.RequestMappingHandlerMapping : 
	o.s.w.u.SwaggerConfigResource:
	{GET [/v3/api-docs/swagger-config], produces [application/json]}: openapiJson(HttpServletRequest)
2024-12-04T10:42:56.866+05:45 DEBUG 3727 --- [tl-rest-api] [main] s.w.s.m.m.a.RequestMappingHandlerMapping : 6 mappings in 'requestMappingHandlerMapping'
2024-12-04T10:42:56.879+05:45 DEBUG 3727 --- [tl-rest-api] [main] o.s.w.s.h.BeanNameUrlHandlerMapping      : Detected 0 mappings in 'beanNameHandlerMapping'
2024-12-04T10:42:57.182+05:45 TRACE 3727 --- [tl-rest-api] [main] o.s.w.s.f.support.RouterFunctionMapping  : 0 RouterFunction(s) in 'routerFunctionMapping'
2024-12-04T10:42:57.203+05:45 TRACE 3727 --- [tl-rest-api] [main] o.s.w.s.handler.SimpleUrlHandlerMapping  : Mapped [/webjars/**] onto ResourceHttpRequestHandler [classpath [META-INF/resources/webjars/]]
2024-12-04T10:42:57.204+05:45 TRACE 3727 --- [tl-rest-api] [main] o.s.w.s.handler.SimpleUrlHandlerMapping  : Mapped [/**] onto ResourceHttpRequestHandler [classpath [META-INF/resources/], classpath [resources/], classpath [static/], classpath [public/], ServletContext [/]]
2024-12-04T10:42:57.205+05:45 TRACE 3727 --- [tl-rest-api] [main] o.s.w.s.handler.SimpleUrlHandlerMapping  : Mapped [/swagger-ui*/*swagger-initializer.js] onto ResourceHttpRequestHandler [classpath [META-INF/resources/webjars/]]
2024-12-04T10:42:57.206+05:45 TRACE 3727 --- [tl-rest-api] [main] o.s.w.s.handler.SimpleUrlHandlerMapping  : Mapped [/swagger-ui*/**] onto ResourceHttpRequestHandler [classpath [META-INF/resources/webjars/]]
2024-12-04T10:42:57.207+05:45 DEBUG 3727 --- [tl-rest-api] [main] o.s.w.s.handler.SimpleUrlHandlerMapping  : Patterns [/webjars/**, /**, /swagger-ui*/*swagger-initializer.js, /swagger-ui*/**] in 'resourceHandlerMapping'
2024-12-04T10:42:57.269+05:45 DEBUG 3727 --- [tl-rest-api] [main] s.w.s.m.m.a.RequestMappingHandlerAdapter : ControllerAdvice beans: 0 @ModelAttribute, 0 @InitBinder, 1 RequestBodyAdvice, 1 ResponseBodyAdvice
2024-12-04T10:42:57.316+05:45 DEBUG 3727 --- [tl-rest-api] [main] .m.m.a.ExceptionHandlerExceptionResolver : ControllerAdvice beans: 1 @ExceptionHandler, 1 ResponseBodyAdvice
2024-12-04T10:42:57.641+05:45  WARN 3727 --- [tl-rest-api] [main] .s.s.UserDetailsServiceAutoConfiguration : 

Using generated security password: c438e6d1-0f1a-4534-b831-4dc5c5b1d93b

This generated password is for development use only. Your security configuration must be updated before running your application in production.

2024-12-04T10:42:57.663+05:45  INFO 3727 --- [tl-rest-api] [main] r$InitializeUserDetailsManagerConfigurer : Global AuthenticationManager configured with UserDetailsService bean with name inMemoryUserDetailsManager
2024-12-04T10:42:57.807+05:45  INFO 3727 --- [tl-rest-api] [main] o.s.s.web.DefaultSecurityFilterChain     : Will secure any request with [org.springframework.security.web.session.DisableEncodeUrlFilter@59ec5a0b, org.springframework.security.web.context.request.async.WebAsyncManagerIntegrationFilter@29431f61, org.springframework.security.web.context.SecurityContextHolderFilter@77d3c3d7, org.springframework.security.web.header.HeaderWriterFilter@1e14b269, org.springframework.web.filter.CorsFilter@f98cff, org.springframework.security.web.csrf.CsrfFilter@22105c76, org.springframework.security.web.authentication.logout.LogoutFilter@220cda54, org.springframework.security.web.authentication.UsernamePasswordAuthenticationFilter@125124ea, org.springframework.security.web.authentication.ui.DefaultLoginPageGeneratingFilter@2a0ce342, org.springframework.security.web.authentication.ui.DefaultLogoutPageGeneratingFilter@59c38af5, org.springframework.security.web.authentication.www.BasicAuthenticationFilter@795131d6, org.springframework.security.web.savedrequest.RequestCacheAwareFilter@5a3be84, org.springframework.security.web.servletapi.SecurityContextHolderAwareRequestFilter@21f479cd, org.springframework.security.web.authentication.AnonymousAuthenticationFilter@6244afc4, org.springframework.security.web.access.ExceptionTranslationFilter@77307b51, org.springframework.security.web.access.intercept.AuthorizationFilter@69cb134]
2024-12-04T10:42:57.950+05:45  INFO 3727 --- [tl-rest-api] [main] o.s.b.w.embedded.tomcat.TomcatWebServer  : Tomcat started on port 8080 (http) with context path '/'
2024-12-04T10:42:57.970+05:45  INFO 3727 --- [tl-rest-api] [main] c.i.tl_rest_api.TlRestApiApplication     : Started TlRestApiApplication in 8.448 seconds (process running for 9.522)
2024-12-04T10:43:26.024+05:45  INFO 3727 --- [tl-rest-api] [http-nio-0.0.0.0-8080-exec-1] o.a.c.c.C.[Tomcat].[localhost].[/]       : Initializing Spring DispatcherServlet 'dispatcherServlet'
2024-12-04T10:43:26.028+05:45  INFO 3727 --- [tl-rest-api] [http-nio-0.0.0.0-8080-exec-1] o.s.web.servlet.DispatcherServlet        : Initializing Servlet 'dispatcherServlet'
2024-12-04T10:43:26.031+05:45 TRACE 3727 --- [tl-rest-api] [http-nio-0.0.0.0-8080-exec-1] o.s.web.servlet.DispatcherServlet        : Detected org.springframework.web.multipart.support.StandardServletMultipartResolver@a302f30
2024-12-04T10:43:26.032+05:45 TRACE 3727 --- [tl-rest-api] [http-nio-0.0.0.0-8080-exec-1] o.s.web.servlet.DispatcherServlet        : Detected org.springframework.web.servlet.i18n.AcceptHeaderLocaleResolver@27746c5e
2024-12-04T10:43:26.032+05:45 TRACE 3727 --- [tl-rest-api] [http-nio-0.0.0.0-8080-exec-1] o.s.web.servlet.DispatcherServlet        : Detected org.springframework.web.servlet.theme.FixedThemeResolver@61bd0845
2024-12-04T10:43:26.044+05:45 TRACE 3727 --- [tl-rest-api] [http-nio-0.0.0.0-8080-exec-1] o.s.web.servlet.DispatcherServlet        : Detected DefaultRequestToViewNameTranslator
2024-12-04T10:43:26.045+05:45 TRACE 3727 --- [tl-rest-api] [http-nio-0.0.0.0-8080-exec-1] o.s.web.servlet.DispatcherServlet        : Detected SessionFlashMapManager
2024-12-04T10:43:26.046+05:45 DEBUG 3727 --- [tl-rest-api] [http-nio-0.0.0.0-8080-exec-1] o.s.web.servlet.DispatcherServlet        : enableLoggingRequestDetails='false': request parameters and headers will be masked to prevent unsafe logging of potentially sensitive data
2024-12-04T10:43:26.047+05:45  INFO 3727 --- [tl-rest-api] [http-nio-0.0.0.0-8080-exec-1] o.s.web.servlet.DispatcherServlet        : Completed initialization in 18 ms
2024-12-04T10:43:26.090+05:45 TRACE 3727 --- [tl-rest-api] [http-nio-0.0.0.0-8080-exec-1] o.s.w.s.handler.SimpleUrlHandlerMapping  : Matching patterns [/swagger-ui*/**, /**]
